<?xml version="1.0" encoding="UTF-8"?>
<!-- Generated by org.testng.reporters.JUnitXMLReporter -->
<testsuite ignored="0" hostname="DESKTOP-2BLMNRE" failures="1" tests="3" name="Test" time="155.526" errors="0" timestamp="23 Nov 2022 16:05:27 GMT">
  <testcase classname="com.testVagant.testcases.verifyIMDB" name="imdbWebPage" time="113.949"/>
  <testcase classname="com.testVagant.testcases.verifyWiki" name="wikiWebPage" time="41.376"/>
  <testcase classname="com.testVagant.testcases.validation" name="validateValues" time="0.037">
    <failure type="java.lang.NullPointerException" message="Cannot invoke &amp;quot;String.equalsIgnoreCase(String)&amp;quot; because &amp;quot;ImdbCountry&amp;quot; is null">
      <![CDATA[java.lang.NullPointerException: Cannot invoke "String.equalsIgnoreCase(String)" because "ImdbCountry" is null
at com.testVagant.testcases.validation.validateValues(validation.java:20)
at java.base/java.util.concurrent.ThreadPoolExecutor.runWorker(ThreadPoolExecutor.java:1136)
at java.base/java.util.concurrent.ThreadPoolExecutor$Worker.run(ThreadPoolExecutor.java:635)
at java.base/java.lang.Thread.run(Thread.java:833)
... Removed 8 stack frames]]>
    </failure>
  </testcase> <!-- validateValues -->
</testsuite> <!-- Test -->
