<?xml version="1.0" encoding="UTF-8"?>
<testng-results ignored="0" total="3" passed="2" failed="1" skipped="0">
  <reporter-output>
  </reporter-output>
  <suite started-at="2022-11-23T16:02:52Z" name="Suite" finished-at="2022-11-23T16:05:27Z" duration-ms="155526">
    <groups>
    </groups>
    <test started-at="2022-11-23T16:02:52Z" name="Test" finished-at="2022-11-23T16:05:27Z" duration-ms="155526">
      <class name="com.testVagant.testcases.verifyIMDB">
        <test-method signature="imdbWebPage()[pri:1, instance:com.testVagant.testcases.verifyIMDB@5149d738]" started-at="2022-11-23T16:02:52Z" name="imdbWebPage" finished-at="2022-11-23T16:04:46Z" duration-ms="113949" status="PASS">
          <reporter-output>
          </reporter-output>
        </test-method> <!-- imdbWebPage -->
      </class> <!-- com.testVagant.testcases.verifyIMDB -->
      <class name="com.testVagant.testcases.validation">
        <test-method signature="validateValues()[pri:3, instance:com.testVagant.testcases.validation@3a7442c7]" started-at="2022-11-23T16:05:27Z" name="validateValues" finished-at="2022-11-23T16:05:27Z" duration-ms="37" status="FAIL">
          <exception class="java.lang.NullPointerException">
            <message>
              <![CDATA[Cannot invoke "String.equalsIgnoreCase(String)" because "ImdbCountry" is null]]>
            </message>
            <full-stacktrace>
              <![CDATA[java.lang.NullPointerException: Cannot invoke "String.equalsIgnoreCase(String)" because "ImdbCountry" is null
at com.testVagant.testcases.validation.validateValues(validation.java:20)
at java.base/jdk.internal.reflect.DirectMethodHandleAccessor.invoke(DirectMethodHandleAccessor.java:104)
at java.base/java.lang.reflect.Method.invoke(Method.java:577)
at org.testng.internal.MethodInvocationHelper.invokeMethod(MethodInvocationHelper.java:124)
at org.testng.internal.Invoker.invokeMethod(Invoker.java:583)
at org.testng.internal.Invoker.invokeTestMethod(Invoker.java:719)
at org.testng.internal.Invoker.invokeTestMethods(Invoker.java:989)
at org.testng.internal.TestMethodWorker.invokeTestMethods(TestMethodWorker.java:125)
at org.testng.internal.TestMethodWorker.run(TestMethodWorker.java:109)
at java.base/java.util.concurrent.ThreadPoolExecutor.runWorker(ThreadPoolExecutor.java:1136)
at java.base/java.util.concurrent.ThreadPoolExecutor$Worker.run(ThreadPoolExecutor.java:635)
at java.base/java.lang.Thread.run(Thread.java:833)
]]>
            </full-stacktrace>
          </exception> <!-- java.lang.NullPointerException -->
          <reporter-output>
          </reporter-output>
        </test-method> <!-- validateValues -->
      </class> <!-- com.testVagant.testcases.validation -->
      <class name="com.testVagant.testcases.verifyWiki">
        <test-method signature="wikiWebPage()[pri:2, instance:com.testVagant.testcases.verifyWiki@6bbe85a8]" started-at="2022-11-23T16:04:46Z" name="wikiWebPage" finished-at="2022-11-23T16:05:27Z" duration-ms="41376" status="PASS">
          <reporter-output>
          </reporter-output>
        </test-method> <!-- wikiWebPage -->
      </class> <!-- com.testVagant.testcases.verifyWiki -->
    </test> <!-- Test -->
  </suite> <!-- Suite -->
</testng-results>
